[debug] [2018-01-03T07:59:36.220Z] ----------------------------------------------------------------------
[debug] [2018-01-03T07:59:36.223Z] Command:       C:\Program Files\nodejs\node.exe C:\Users\HECTOR\AppData\Roaming\npm\node_modules\firebase-tools\bin\firebase deploy --only functions:fiveminuteReset
[debug] [2018-01-03T07:59:36.224Z] CLI Version:   3.15.1
[debug] [2018-01-03T07:59:36.224Z] Platform:      win32
[debug] [2018-01-03T07:59:36.224Z] Node Version:  v6.11.4
[debug] [2018-01-03T07:59:36.225Z] Time:          Wed Jan 03 2018 15:59:36 GMT+0800 (Taipei Standard Time)
[debug] [2018-01-03T07:59:36.225Z] ----------------------------------------------------------------------
[debug] 
[debug] [2018-01-03T07:59:36.241Z] > command requires scopes: ["email","openid","https://www.googleapis.com/auth/cloudplatformprojects.readonly","https://www.googleapis.com/auth/firebase","https://www.googleapis.com/auth/cloud-platform"]
[debug] [2018-01-03T07:59:36.241Z] > authorizing via signed-in user
[debug] [2018-01-03T07:59:36.244Z] > refreshing access token with scopes: ["email","https://www.googleapis.com/auth/cloud-platform","https://www.googleapis.com/auth/cloudplatformprojects.readonly","https://www.googleapis.com/auth/firebase","openid"]
[debug] [2018-01-03T07:59:36.244Z] >>> HTTP REQUEST POST https://www.googleapis.com/oauth2/v3/token { refresh_token: '1/KX2PJQ7NDF64rQ6X0uETN30zCEsPedmBqp8Yh6HgK2M',
  client_id: '563584335869-fgrhgmd47bqnekij5i8b5pr03ho849e6.apps.googleusercontent.com',
  client_secret: 'j9iVZfS8kkCEFUPaAeJV0sAi',
  grant_type: 'refresh_token',
  scope: 'email https://www.googleapis.com/auth/cloud-platform https://www.googleapis.com/auth/cloudplatformprojects.readonly https://www.googleapis.com/auth/firebase openid' } 
 Wed Jan 03 2018 15:59:36 GMT+0800 (Taipei Standard Time)
[debug] [2018-01-03T07:59:36.951Z] <<< HTTP RESPONSE 200
[debug] [2018-01-03T07:59:36.956Z] >>> HTTP REQUEST GET https://admin.firebase.com/v1/projects/hpmg-56df3  
 Wed Jan 03 2018 15:59:36 GMT+0800 (Taipei Standard Time)
[debug] [2018-01-03T07:59:38.057Z] <<< HTTP RESPONSE 200
[debug] [2018-01-03T07:59:38.059Z] >>> HTTP REQUEST GET https://admin.firebase.com/v1/database/hpmg-56df3/tokens  
 Wed Jan 03 2018 15:59:38 GMT+0800 (Taipei Standard Time)
[debug] [2018-01-03T07:59:38.948Z] <<< HTTP RESPONSE 200
[info] 
[info] === Deploying to 'hpmg-56df3'...
[info] 
[info] i  deploying functions
[debug] [2018-01-03T07:59:40.171Z] > [functions] package.json contents: {
  "name": "functions",
  "description": "Cloud Functions for Firebase",
  "scripts": {
    "serve": "firebase serve --only functions",
    "shell": "firebase experimental:functions:shell",
    "start": "npm run shell",
    "deploy": "firebase deploy --only functions",
    "logs": "firebase functions:log"
  },
  "dependencies": {
    "firebase-admin": "~5.4.2",
    "firebase-functions": "^0.7.1",
    "cookie-parser": "^1.4.3",
    "cors": "^2.8.1",
    "express": "^4.14.1"
  },
  "private": true
}
[info] i  functions: ensuring necessary APIs are enabled...
[info] i  runtimeconfig: ensuring necessary APIs are enabled...
[debug] [2018-01-03T07:59:40.177Z] >>> HTTP REQUEST GET https://servicemanagement.googleapis.com/v1/services/cloudfunctions.googleapis.com/projectSettings/hpmg-56df3?view=CONSUMER_VIEW  
 Wed Jan 03 2018 15:59:40 GMT+0800 (Taipei Standard Time)
[debug] [2018-01-03T07:59:40.179Z] >>> HTTP REQUEST GET https://servicemanagement.googleapis.com/v1/services/runtimeconfig.googleapis.com/projectSettings/hpmg-56df3?view=CONSUMER_VIEW  
 Wed Jan 03 2018 15:59:40 GMT+0800 (Taipei Standard Time)
[debug] [2018-01-03T07:59:42.143Z] <<< HTTP RESPONSE 200
[info] +  runtimeconfig: all necessary APIs are enabled
[debug] [2018-01-03T07:59:42.277Z] <<< HTTP RESPONSE 200
[info] +  functions: all necessary APIs are enabled
[debug] [2018-01-03T07:59:42.279Z] >>> HTTP REQUEST GET https://appengine.googleapis.com/v1/apps/hpmg-56df3  
 Wed Jan 03 2018 15:59:42 GMT+0800 (Taipei Standard Time)
[debug] [2018-01-03T07:59:42.280Z] >>> HTTP REQUEST GET https://apikeys.googleapis.com/v1/projects/hpmg-56df3/apiKeys  
 Wed Jan 03 2018 15:59:42 GMT+0800 (Taipei Standard Time)
[debug] [2018-01-03T07:59:43.945Z] <<< HTTP RESPONSE 200
[debug] [2018-01-03T07:59:44.038Z] <<< HTTP RESPONSE 200
[info] i  functions: preparing functions directory for uploading...
[debug] [2018-01-03T08:00:06.927Z] >>> HTTP REQUEST GET https://runtimeconfig.googleapis.com/v1beta1/projects/hpmg-56df3/configs  
 Wed Jan 03 2018 16:00:06 GMT+0800 (Taipei Standard Time)
[debug] [2018-01-03T08:00:07.859Z] <<< HTTP RESPONSE 200
